-------------------------------------------------------------------------------
Test set: com.tsg.superherosighting.dao.HeroesTest
-------------------------------------------------------------------------------
Tests run: 6, Failures: 1, Errors: 0, Skipped: 0, Time elapsed: 4.224 s <<< FAILURE! - in com.tsg.superherosighting.dao.HeroesTest
testMethodAddAndGetHeroWithOnePower(com.tsg.superherosighting.dao.HeroesTest)  Time elapsed: 0.063 s  <<< FAILURE!
java.lang.AssertionError: List of heroes should include Test Man
	at com.tsg.superherosighting.dao.HeroesTest.testMethodAddAndGetHeroWithOnePower(HeroesTest.java:80)

