<?xml version="1.0" encoding="UTF-8"?>
<testsuite xmlns:xsi="http://www.w3.org/2001/XMLSchema-instance" xsi:noNamespaceSchemaLocation="https://maven.apache.org/surefire/maven-surefire-plugin/xsd/surefire-test-report.xsd" name="com.tsg.superherosighting.dao.OrgsTest" time="3.63" tests="2" errors="0" skipped="0" failures="1">
  <properties>
[...]
</properties>
  <testcase name="testMethodAddAndGetOrgWithOneHero" classname="com.tsg.superherosighting.dao.OrgsTest" time="0.609">
    <failure message="List of heroes should containt aHero" type="java.lang.AssertionError">java.lang.AssertionError: List of heroes should containt aHero
	at com.tsg.superherosighting.dao.OrgsTest.testMethodAddAndGetOrgWithOneHero(OrgsTest.java:116)
</failure>
    <system-out><![CDATA[08:26:30.371 [main] DEBUG org.springframework.test.context.junit4.SpringJUnit4ClassRunner - SpringJUnit4ClassRunner constructor called with [class com.tsg.superherosighting.dao.OrgsTest]
08:26:30.371 [main] DEBUG org.springframework.test.context.BootstrapUtils - Instantiating CacheAwareContextLoaderDelegate from class [org.springframework.test.context.cache.DefaultCacheAwareContextLoaderDelegate]
08:26:30.371 [main] DEBUG org.springframework.test.context.BootstrapUtils - Instantiating BootstrapContext using constructor [public org.springframework.test.context.support.DefaultBootstrapContext(java.lang.Class,org.springframework.test.context.CacheAwareContextLoaderDelegate)]
08:26:30.402 [main] DEBUG org.springframework.test.context.BootstrapUtils - Instantiating TestContextBootstrapper for test class [com.tsg.superherosighting.dao.OrgsTest] from class [org.springframework.boot.test.context.SpringBootTestContextBootstrapper]
08:26:30.417 [main] INFO org.springframework.boot.test.context.SpringBootTestContextBootstrapper - Neither @ContextConfiguration nor @ContextHierarchy found for test class [com.tsg.superherosighting.dao.OrgsTest], using SpringBootContextLoader
08:26:30.417 [main] DEBUG org.springframework.test.context.support.AbstractContextLoader - Did not detect default resource location for test class [com.tsg.superherosighting.dao.OrgsTest]: class path resource [com/tsg/superherosighting/dao/OrgsTest-context.xml] does not exist
08:26:30.433 [main] DEBUG org.springframework.test.context.support.AbstractContextLoader - Did not detect default resource location for test class [com.tsg.superherosighting.dao.OrgsTest]: class path resource [com/tsg/superherosighting/dao/OrgsTestContext.groovy] does not exist
08:26:30.433 [main] INFO org.springframework.test.context.support.AbstractContextLoader - Could not detect default resource locations for test class [com.tsg.superherosighting.dao.OrgsTest]: no resource found for suffixes {-context.xml, Context.groovy}.
08:26:30.433 [main] INFO org.springframework.test.context.support.AnnotationConfigContextLoaderUtils - Could not detect default configuration classes for test class [com.tsg.superherosighting.dao.OrgsTest]: OrgsTest does not declare any static, non-private, non-final, nested classes annotated with @Configuration.
08:26:30.464 [main] DEBUG org.springframework.test.context.support.ActiveProfilesUtils - Could not find an 'annotation declaring class' for annotation type [org.springframework.test.context.ActiveProfiles] and class [com.tsg.superherosighting.dao.OrgsTest]
08:26:30.558 [main] DEBUG org.springframework.context.annotation.ClassPathScanningCandidateComponentProvider - Identified candidate component class: file [C:\Users\Bryan\Documents\Repo\java-lou-0419-individual-capstone-BryantFehr\target\classes\com\tsg\superherosighting\SuperApp.class]
08:26:30.558 [main] INFO org.springframework.boot.test.context.SpringBootTestContextBootstrapper - Found @SpringBootConfiguration com.tsg.superherosighting.SuperApp for test class com.tsg.superherosighting.dao.OrgsTest
08:26:30.652 [main] DEBUG org.springframework.boot.test.context.SpringBootTestContextBootstrapper - @TestExecutionListeners is not present for class [com.tsg.superherosighting.dao.OrgsTest]: using defaults.
08:26:30.652 [main] INFO org.springframework.boot.test.context.SpringBootTestContextBootstrapper - Loaded default TestExecutionListener class names from location [META-INF/spring.factories]: [org.springframework.boot.test.mock.mockito.MockitoTestExecutionListener, org.springframework.boot.test.mock.mockito.ResetMocksTestExecutionListener, org.springframework.boot.test.autoconfigure.restdocs.RestDocsTestExecutionListener, org.springframework.boot.test.autoconfigure.web.client.MockRestServiceServerResetTestExecutionListener, org.springframework.boot.test.autoconfigure.web.servlet.MockMvcPrintOnlyOnFailureTestExecutionListener, org.springframework.boot.test.autoconfigure.web.servlet.WebDriverTestExecutionListener, org.springframework.test.context.web.ServletTestExecutionListener, org.springframework.test.context.support.DirtiesContextBeforeModesTestExecutionListener, org.springframework.test.context.support.DependencyInjectionTestExecutionListener, org.springframework.test.context.support.DirtiesContextTestExecutionListener, org.springframework.test.context.transaction.TransactionalTestExecutionListener, org.springframework.test.context.jdbc.SqlScriptsTestExecutionListener]
08:26:30.667 [main] INFO org.springframework.boot.test.context.SpringBootTestContextBootstrapper - Using TestExecutionListeners: [org.springframework.test.context.web.ServletTestExecutionListener@6a6cb05c, org.springframework.test.context.support.DirtiesContextBeforeModesTestExecutionListener@40a4337a, org.springframework.boot.test.mock.mockito.MockitoTestExecutionListener@6025e1b6, org.springframework.boot.test.autoconfigure.SpringBootDependencyInjectionTestExecutionListener@22ff4249, org.springframework.test.context.support.DirtiesContextTestExecutionListener@2d1ef81a, org.springframework.test.context.transaction.TransactionalTestExecutionListener@4c402120, org.springframework.test.context.jdbc.SqlScriptsTestExecutionListener@327514f, org.springframework.boot.test.mock.mockito.ResetMocksTestExecutionListener@5b12b668, org.springframework.boot.test.autoconfigure.restdocs.RestDocsTestExecutionListener@1165b38, org.springframework.boot.test.autoconfigure.web.client.MockRestServiceServerResetTestExecutionListener@4c12331b, org.springframework.boot.test.autoconfigure.web.servlet.MockMvcPrintOnlyOnFailureTestExecutionListener@7586beff, org.springframework.boot.test.autoconfigure.web.servlet.WebDriverTestExecutionListener@3b69e7d1]
08:26:30.667 [main] DEBUG org.springframework.test.annotation.ProfileValueUtils - Retrieved @ProfileValueSourceConfiguration [null] for test class [com.tsg.superherosighting.dao.OrgsTest]
08:26:30.667 [main] DEBUG org.springframework.test.annotation.ProfileValueUtils - Retrieved ProfileValueSource type [class org.springframework.test.annotation.SystemProfileValueSource] for class [com.tsg.superherosighting.dao.OrgsTest]
08:26:30.667 [main] DEBUG org.springframework.test.annotation.ProfileValueUtils - Retrieved @ProfileValueSourceConfiguration [null] for test class [com.tsg.superherosighting.dao.OrgsTest]
08:26:30.667 [main] DEBUG org.springframework.test.annotation.ProfileValueUtils - Retrieved ProfileValueSource type [class org.springframework.test.annotation.SystemProfileValueSource] for class [com.tsg.superherosighting.dao.OrgsTest]
08:26:30.667 [main] DEBUG org.springframework.test.annotation.ProfileValueUtils - Retrieved @ProfileValueSourceConfiguration [null] for test class [com.tsg.superherosighting.dao.OrgsTest]
08:26:30.667 [main] DEBUG org.springframework.test.annotation.ProfileValueUtils - Retrieved ProfileValueSource type [class org.springframework.test.annotation.SystemProfileValueSource] for class [com.tsg.superherosighting.dao.OrgsTest]
08:26:30.667 [main] DEBUG org.springframework.test.context.support.AbstractDirtiesContextTestExecutionListener - Before test class: context [DefaultTestContext@1fa121e2 testClass = OrgsTest, testInstance = [null], testMethod = [null], testException = [null], mergedContextConfiguration = [WebMergedContextConfiguration@7eac9008 testClass = OrgsTest, locations = '{}', classes = '{class com.tsg.superherosighting.SuperApp}', contextInitializerClasses = '[]', activeProfiles = '{}', propertySourceLocations = '{}', propertySourceProperties = '{org.springframework.boot.test.context.SpringBootTestContextBootstrapper=true}', contextCustomizers = set[org.springframework.boot.test.context.filter.ExcludeFilterContextCustomizer@545997b1, org.springframework.boot.test.json.DuplicateJsonObjectContextCustomizerFactory$DuplicateJsonObjectContextCustomizer@4c762604, org.springframework.boot.test.mock.mockito.MockitoContextCustomizer@0, org.springframework.boot.test.web.client.TestRestTemplateContextCustomizer@1f021e6c, org.springframework.boot.test.autoconfigure.properties.PropertyMappingContextCustomizer@0, org.springframework.boot.test.autoconfigure.web.servlet.WebDriverContextCustomizerFactory$Customizer@382db087], resourceBasePath = 'src/main/webapp', contextLoader = 'org.springframework.boot.test.context.SpringBootContextLoader', parent = [null]], attributes = map['org.springframework.test.context.web.ServletTestExecutionListener.activateListener' -> true]], class annotated with @DirtiesContext [false] with mode [null].
08:26:30.667 [main] DEBUG org.springframework.test.annotation.ProfileValueUtils - Retrieved @ProfileValueSourceConfiguration [null] for test class [com.tsg.superherosighting.dao.OrgsTest]
08:26:30.667 [main] DEBUG org.springframework.test.annotation.ProfileValueUtils - Retrieved ProfileValueSource type [class org.springframework.test.annotation.SystemProfileValueSource] for class [com.tsg.superherosighting.dao.OrgsTest]
08:26:30.683 [main] DEBUG org.springframework.test.context.support.TestPropertySourceUtils - Adding inlined properties to environment: {spring.jmx.enabled=false, org.springframework.boot.test.context.SpringBootTestContextBootstrapper=true, server.port=-1}

  .   ____          _            __ _ _
 /\\ / ___'_ __ _ _(_)_ __  __ _ \ \ \ \
( ( )\___ | '_ | '_| | '_ \/ _` | \ \ \ \
 \\/  ___)| |_)| | | | | || (_| |  ) ) ) )
  '  |____| .__|_| |_|_| |_\__, | / / / /
 =========|_|==============|___/=/_/_/_/
 :: Spring Boot ::        (v2.1.1.RELEASE)

2019-07-03 08:26:30.933  INFO 2648 --- [           main] com.tsg.superherosighting.dao.OrgsTest   : Starting OrgsTest on DESKTOP-FB0BQ2C with PID 2648 (started by Bryant in C:\Users\Bryan\Documents\Repo\java-lou-0419-individual-capstone-BryantFehr)
2019-07-03 08:26:30.933  INFO 2648 --- [           main] com.tsg.superherosighting.dao.OrgsTest   : No active profile set, falling back to default profiles: default
2019-07-03 08:26:32.606  INFO 2648 --- [           main] o.s.s.concurrent.ThreadPoolTaskExecutor  : Initializing ExecutorService 'applicationTaskExecutor'
2019-07-03 08:26:32.794  WARN 2648 --- [           main] ion$DefaultTemplateResolverConfiguration : Cannot find template location: classpath:/templates/ (please add some templates or check your Thymeleaf configuration)
2019-07-03 08:26:33.075  INFO 2648 --- [           main] com.tsg.superherosighting.dao.OrgsTest   : Started OrgsTest in 2.376 seconds (JVM running for 3.181)
2019-07-03 08:26:33.356  INFO 2648 --- [           main] com.zaxxer.hikari.HikariDataSource       : HikariPool-1 - Starting...
2019-07-03 08:26:33.512  INFO 2648 --- [           main] com.zaxxer.hikari.HikariDataSource       : HikariPool-1 - Start completed.
]]></system-out>
  </testcase>
  <testcase name="testMethodAddAndGetOrgWithNoHeroes" classname="com.tsg.superherosighting.dao.OrgsTest" time="0.078"/>
</testsuite>